<?xml version="1.0" encoding="UTF-8"?>
<!-- Generated by org.testng.reporters.JUnitXMLReporter -->
<testsuite ignored="0" hostname="Pradeep_Computer" failures="0" tests="4" name="Default test" time="1.86" errors="0" timestamp="2022-06-01T22:47:18 IST">
  <testcase classname="DataproviderExcel" name="data" time="0.305"/>
  <testcase classname="DataproviderExcel" name="data" time="0.193"/>
  <testcase classname="DataproviderExcel" name="data" time="0.174"/>
  <testcase classname="DataproviderExcel" name="data" time="0.166"/>
</testsuite> <!-- Default test -->
