<?xml version="1.0" encoding="UTF-8"?>
<!-- Generated by org.testng.reporters.JUnitXMLReporter -->
<testsuite ignored="1" hostname="Pradeep_Computer" failures="0" tests="4" name="OrangeHRMMyInfo" time="12.951" errors="0" timestamp="2022-05-31T19:41:17 IST">
  <testcase classname="testNGAnnotations.Annotations" name="LaunchApp" time="4.093"/>
  <testcase classname="testNGAnnotations.Annotations" name="EnterLoginDetails" time="4.092"/>
  <testcase classname="testNGAnnotations.Annotations" name="NavigateToMyInfo" time="3.278"/>
  <testcase classname="testNGAnnotations.Annotations" name="VerifyMyInfo" time="0.075"/>
  <testcase classname="testNGAnnotations.Annotations" name="VerifyLogin" time="0.0">
    <ignored/>
  </testcase> <!-- VerifyLogin -->
</testsuite> <!-- OrangeHRMMyInfo -->
