<?xml version="1.0" encoding="UTF-8"?>
<!-- Generated by org.testng.reporters.JUnitXMLReporter -->
<testsuite ignored="2" hostname="Pradeep_Computer" failures="0" tests="3" name="Test1" time="11.107" errors="0" timestamp="2022-05-31T19:41:04 IST">
  <testcase classname="testNGAnnotations.Annotations" name="LaunchApp" time="4.975"/>
  <testcase classname="testNGAnnotations.Annotations" name="EnterLoginDetails" time="3.88"/>
  <testcase classname="testNGAnnotations.Annotations" name="VerifyLogin" time="0.125"/>
  <testcase classname="testNGAnnotations.Annotations" name="NavigateToMyInfo" time="0.0">
    <ignored/>
  </testcase> <!-- NavigateToMyInfo -->
  <testcase classname="testNGAnnotations.Annotations" name="VerifyMyInfo" time="0.0">
    <ignored/>
  </testcase> <!-- VerifyMyInfo -->
</testsuite> <!-- Test1 -->
