<?xml version="1.0" encoding="UTF-8"?>
<testng-results ignored="0" total="4" passed="4" failed="0" skipped="0">
  <reporter-output>
  </reporter-output>
  <suite started-at="2022-06-01T22:47:16 IST" name="Default suite" finished-at="2022-06-01T22:47:18 IST" duration-ms="1860">
    <groups>
    </groups>
    <test started-at="2022-06-01T22:47:16 IST" name="Default test" finished-at="2022-06-01T22:47:18 IST" duration-ms="1860">
      <class name="DataproviderExcel">
        <test-method is-config="true" signature="InitialiseBrowser()[pri:0, instance:DataproviderExcel@694abbdc]" started-at="2022-06-01T22:47:13 IST" name="InitialiseBrowser" finished-at="2022-06-01T22:47:16 IST" duration-ms="2728" status="PASS">
          <reporter-output>
          </reporter-output>
        </test-method> <!-- InitialiseBrowser -->
        <test-method signature="data(java.lang.String,java.lang.String)[pri:0, instance:DataproviderExcel@694abbdc]" started-at="2022-06-01T22:47:17 IST" name="data" data-provider="details" finished-at="2022-06-01T22:47:17 IST" duration-ms="305" status="PASS">
          <params>
            <param index="0">
              <value>
                <![CDATA[padadadad@gmail.com]]>
              </value>
            </param>
            <param index="1">
              <value>
                <![CDATA[padgahaa]]>
              </value>
            </param>
          </params>
          <reporter-output>
          </reporter-output>
        </test-method> <!-- data -->
        <test-method signature="data(java.lang.String,java.lang.String)[pri:0, instance:DataproviderExcel@694abbdc]" started-at="2022-06-01T22:47:17 IST" name="data" data-provider="details" finished-at="2022-06-01T22:47:17 IST" duration-ms="193" status="PASS">
          <params>
            <param index="0">
              <value>
                <![CDATA[hjakal@gmailcom]]>
              </value>
            </param>
            <param index="1">
              <value>
                <![CDATA[jklaabmhjuio]]>
              </value>
            </param>
          </params>
          <reporter-output>
          </reporter-output>
        </test-method> <!-- data -->
        <test-method signature="data(java.lang.String,java.lang.String)[pri:0, instance:DataproviderExcel@694abbdc]" started-at="2022-06-01T22:47:17 IST" name="data" data-provider="details" finished-at="2022-06-01T22:47:18 IST" duration-ms="174" status="PASS">
          <params>
            <param index="0">
              <value>
                <![CDATA[ghanmmkl@gmail.com]]>
              </value>
            </param>
            <param index="1">
              <value>
                <![CDATA[ghaqwer]]>
              </value>
            </param>
          </params>
          <reporter-output>
          </reporter-output>
        </test-method> <!-- data -->
        <test-method signature="data(java.lang.String,java.lang.String)[pri:0, instance:DataproviderExcel@694abbdc]" started-at="2022-06-01T22:47:18 IST" name="data" data-provider="details" finished-at="2022-06-01T22:47:18 IST" duration-ms="166" status="PASS">
          <params>
            <param index="0">
              <value>
                <![CDATA[ffafafafa]]>
              </value>
            </param>
            <param index="1">
              <value>
                <![CDATA[1223333]]>
              </value>
            </param>
          </params>
          <reporter-output>
          </reporter-output>
        </test-method> <!-- data -->
        <test-method is-config="true" signature="Exit()[pri:0, instance:DataproviderExcel@694abbdc]" started-at="2022-06-01T22:47:18 IST" name="Exit" finished-at="2022-06-01T22:47:22 IST" duration-ms="4202" status="PASS">
          <reporter-output>
          </reporter-output>
        </test-method> <!-- Exit -->
      </class> <!-- DataproviderExcel -->
    </test> <!-- Default test -->
  </suite> <!-- Default suite -->
</testng-results>
